ViewPagerIndicator_sample/build/outputs/logs/manifest-merger-debug-report.txt
-- Merging decision tree log ---
manifest
ADDED from src\main\AndroidManifest.xml:2:1-296:12
INJECTED from src\main\AndroidManifest.xml:2:1-296:12
INJECTED from src\main\AndroidManifest.xml:2:1-296:12
INJECTED from src\main\AndroidManifest.xml:2:1-296:12
MERGED from [:ViewPagerIndicator_library] AndroidManifest.xml:2:1-11:12
MERGED from [com.android.support:support-v4:28.0.0] AndroidManifest.xml:17:1-22:12
MERGED from [com.android.support:support-media-compat:28.0.0] AndroidManifest.xml:17:1-22:12
MERGED from [com.android.support:support-fragment:28.0.0] AndroidManifest.xml:17:1-22:12
MERGED from [com.android.support:support-core-ui:28.0.0] AndroidManifest.xml:17:1-22:12
MERGED from [com.android.support:support-core-utils:28.0.0] AndroidManifest.xml:17:1-22:12
MERGED from [com.android.support:loader:28.0.0] AndroidManifest.xml:17:1-22:12
MERGED from [com.android.support:viewpager:28.0.0] AndroidManifest.xml:17:1-22:12
MERGED from [com.android.support:coordinatorlayout:28.0.0] AndroidManifest.xml:17:1-22:12
MERGED from [com.android.support:drawerlayout:28.0.0] AndroidManifest.xml:17:1-22:12
MERGED from [com.android.support:slidingpanelayout:28.0.0] AndroidManifest.xml:17:1-22:12
MERGED from [com.android.support:customview:28.0.0] AndroidManifest.xml:17:1-22:12
MERGED from [com.android.support:swiperefreshlayout:28.0.0] AndroidManifest.xml:17:1-22:12
MERGED from [com.android.support:asynclayoutinflater:28.0.0] AndroidManifest.xml:17:1-22:12
MERGED from [com.android.support:support-compat:28.0.0] AndroidManifest.xml:17:1-24:12
MERGED from [com.android.support:versionedparcelable:28.0.0] AndroidManifest.xml:17:1-25:12
MERGED from [android.arch.lifecycle:runtime:1.1.1] AndroidManifest.xml:17:1-22:12
MERGED from [com.android.support:documentfile:28.0.0] AndroidManifest.xml:17:1-22:12
MERGED from [com.android.support:localbroadcastmanager:28.0.0] AndroidManifest.xml:17:1-22:12
MERGED from [com.android.support:print:28.0.0] AndroidManifest.xml:17:1-22:12
MERGED from [com.android.support:interpolator:28.0.0] AndroidManifest.xml:17:1-22:12
MERGED from [com.android.support:cursoradapter:28.0.0] AndroidManifest.xml:17:1-22:12
MERGED from [android.arch.lifecycle:viewmodel:1.1.1] AndroidManifest.xml:17:1-22:12
MERGED from [android.arch.lifecycle:livedata:1.1.1] AndroidManifest.xml:17:1-22:12
MERGED from [android.arch.lifecycle:livedata-core:1.1.1] AndroidManifest.xml:17:1-22:12
MERGED from [android.arch.core:runtime:1.1.1] AndroidManifest.xml:17:1-22:12
INJECTED from src\main\AndroidManifest.xml:2:1-296:12
INJECTED from src\main\AndroidManifest.xml:2:1-296:12
INJECTED from src\main\AndroidManifest.xml:2:1-296:12
	package
		ADDED from src\main\AndroidManifest.xml:3:5-44
		INJECTED from src\main\AndroidManifest.xml
		INJECTED from src\main\AndroidManifest.xml
	android:versionName
		ADDED from src\main\AndroidManifest.xml:5:5-32
		INJECTED from src\main\AndroidManifest.xml
		INJECTED from src\main\AndroidManifest.xml
	xmlns:android
		ADDED from src\main\AndroidManifest.xml:2:11-69
	android:versionCode
		ADDED from src\main\AndroidManifest.xml:4:5-29
		INJECTED from src\main\AndroidManifest.xml
		INJECTED from src\main\AndroidManifest.xml
uses-sdk
ADDED from src\main\AndroidManifest.xml:7:5-47
INJECTED from src\main\AndroidManifest.xml:7:5-47
INJECTED from src\main\AndroidManifest.xml:7:5-47
MERGED from [:ViewPagerIndicator_library] AndroidManifest.xml:7:5-9:41
MERGED from [:ViewPagerIndicator_library] AndroidManifest.xml:7:5-9:41
MERGED from [com.android.support:support-v4:28.0.0] AndroidManifest.xml:20:5-44
MERGED from [com.android.support:support-v4:28.0.0] AndroidManifest.xml:20:5-44
MERGED from [com.android.support:support-media-compat:28.0.0] AndroidManifest.xml:20:5-44
MERGED from [com.android.support:support-media-compat:28.0.0] AndroidManifest.xml:20:5-44
MERGED from [com.android.support:support-fragment:28.0.0] AndroidManifest.xml:20:5-44
MERGED from [com.android.support:support-fragment:28.0.0] AndroidManifest.xml:20:5-44
MERGED from [com.android.support:support-core-ui:28.0.0] AndroidManifest.xml:20:5-44
MERGED from [com.android.support:support-core-ui:28.0.0] AndroidManifest.xml:20:5-44
MERGED from [com.android.support:support-core-utils:28.0.0] AndroidManifest.xml:20:5-44
MERGED from [com.android.support:support-core-utils:28.0.0] AndroidManifest.xml:20:5-44
MERGED from [com.android.support:loader:28.0.0] AndroidManifest.xml:20:5-44
MERGED from [com.android.support:loader:28.0.0] AndroidManifest.xml:20:5-44
MERGED from [com.android.support:viewpager:28.0.0] AndroidManifest.xml:20:5-44
MERGED from [com.android.support:viewpager:28.0.0] AndroidManifest.xml:20:5-44
MERGED from [com.android.support:coordinatorlayout:28.0.0] AndroidManifest.xml:20:5-44
MERGED from [com.android.support:coordinatorlayout:28.0.0] AndroidManifest.xml:20:5-44
MERGED from [com.android.support:drawerlayout:28.0.0] AndroidManifest.xml:20:5-44
MERGED from [com.android.support:drawerlayout:28.0.0] AndroidManifest.xml:20:5-44
MERGED from [com.android.support:slidingpanelayout:28.0.0] AndroidManifest.xml:20:5-44
MERGED from [com.android.support:slidingpanelayout:28.0.0] AndroidManifest.xml:20:5-44
MERGED from [com.android.support:customview:28.0.0] AndroidManifest.xml:20:5-44
MERGED from [com.android.support:customview:28.0.0] AndroidManifest.xml:20:5-44
MERGED from [com.android.support:swiperefreshlayout:28.0.0] AndroidManifest.xml:20:5-44
MERGED from [com.android.support:swiperefreshlayout:28.0.0] AndroidManifest.xml:20:5-44
MERGED from [com.android.support:asynclayoutinflater:28.0.0] AndroidManifest.xml:20:5-44
MERGED from [com.android.support:asynclayoutinflater:28.0.0] AndroidManifest.xml:20:5-44
MERGED from [com.android.support:support-compat:28.0.0] AndroidManifest.xml:20:5-44
MERGED from [com.android.support:support-compat:28.0.0] AndroidManifest.xml:20:5-44
MERGED from [com.android.support:versionedparcelable:28.0.0] AndroidManifest.xml:20:5-44
MERGED from [com.android.support:versionedparcelable:28.0.0] AndroidManifest.xml:20:5-44
MERGED from [android.arch.lifecycle:runtime:1.1.1] AndroidManifest.xml:20:5-44
MERGED from [android.arch.lifecycle:runtime:1.1.1] AndroidManifest.xml:20:5-44
MERGED from [com.android.support:documentfile:28.0.0] AndroidManifest.xml:20:5-44
MERGED from [com.android.support:documentfile:28.0.0] AndroidManifest.xml:20:5-44
MERGED from [com.android.support:localbroadcastmanager:28.0.0] AndroidManifest.xml:20:5-44
MERGED from [com.android.support:localbroadcastmanager:28.0.0] AndroidManifest.xml:20:5-44
MERGED from [com.android.support:print:28.0.0] AndroidManifest.xml:20:5-44
MERGED from [com.android.support:print:28.0.0] AndroidManifest.xml:20:5-44
MERGED from [com.android.support:interpolator:28.0.0] AndroidManifest.xml:20:5-44
MERGED from [com.android.support:interpolator:28.0.0] AndroidManifest.xml:20:5-44
MERGED from [com.android.support:cursoradapter:28.0.0] AndroidManifest.xml:20:5-44
MERGED from [com.android.support:cursoradapter:28.0.0] AndroidManifest.xml:20:5-44
MERGED from [android.arch.lifecycle:viewmodel:1.1.1] AndroidManifest.xml:20:5-44
MERGED from [android.arch.lifecycle:viewmodel:1.1.1] AndroidManifest.xml:20:5-44
MERGED from [android.arch.lifecycle:livedata:1.1.1] AndroidManifest.xml:20:5-44
MERGED from [android.arch.lifecycle:livedata:1.1.1] AndroidManifest.xml:20:5-44
MERGED from [android.arch.lifecycle:livedata-core:1.1.1] AndroidManifest.xml:20:5-44
MERGED from [android.arch.lifecycle:livedata-core:1.1.1] AndroidManifest.xml:20:5-44
MERGED from [android.arch.core:runtime:1.1.1] AndroidManifest.xml:20:5-44
MERGED from [android.arch.core:runtime:1.1.1] AndroidManifest.xml:20:5-44
INJECTED from src\main\AndroidManifest.xml:7:5-47
INJECTED from src\main\AndroidManifest.xml:7:5-47
	android:targetSdkVersion
		ADDED from src\main\AndroidManifest.xml:7:15-44
		INJECTED from src\main\AndroidManifest.xml
		INJECTED from src\main\AndroidManifest.xml
	android:minSdkVersion
		INJECTED from src\main\AndroidManifest.xml
		ADDED from src\main\AndroidManifest.xml:7:5-47
		INJECTED from src\main\AndroidManifest.xml
application
ADDED from src\main\AndroidManifest.xml:9:5-295:19
MERGED from [com.android.support:support-compat:28.0.0] AndroidManifest.xml:22:5-94
MERGED from [com.android.support:support-compat:28.0.0] AndroidManifest.xml:22:5-94
MERGED from [com.android.support:versionedparcelable:28.0.0] AndroidManifest.xml:22:5-23:19
MERGED from [com.android.support:versionedparcelable:28.0.0] AndroidManifest.xml:22:5-23:19
	android:appComponentFactory
		ADDED from [com.android.support:support-compat:28.0.0] AndroidManifest.xml:22:18-91
	android:label
		ADDED from src\main\AndroidManifest.xml:10:9-50
	android:icon
		ADDED from src\main\AndroidManifest.xml:11:9-38
activity#com.viewpagerindicator.sample.ListSamples
ADDED from src\main\AndroidManifest.xml:13:9-21:20
	android:label
		ADDED from src\main\AndroidManifest.xml:15:13-48
	android:name
		ADDED from src\main\AndroidManifest.xml:14:13-40
intent-filter#action:name:android.intent.action.MAIN+category:name:android.intent.category.LAUNCHER
ADDED from src\main\AndroidManifest.xml:17:13-20:29
action#android.intent.action.MAIN
ADDED from src\main\AndroidManifest.xml:18:17-69
	android:name
		ADDED from src\main\AndroidManifest.xml:18:25-66
category#android.intent.category.LAUNCHER
ADDED from src\main\AndroidManifest.xml:19:17-77
	android:name
		ADDED from src\main\AndroidManifest.xml:19:27-74
activity#com.viewpagerindicator.sample.SampleCirclesDefault
ADDED from src\main\AndroidManifest.xml:26:9-33:20
	android:label
		ADDED from src\main\AndroidManifest.xml:28:13-44
	android:name
		ADDED from src\main\AndroidManifest.xml:27:13-49
intent-filter#action:name:android.intent.action.MAIN+category:name:com.jakewharton.android.viewpagerindicator.sample.SAMPLE
ADDED from src\main\AndroidManifest.xml:29:13-32:29
category#com.jakewharton.android.viewpagerindicator.sample.SAMPLE
ADDED from src\main\AndroidManifest.xml:31:17-101
	android:name
		ADDED from src\main\AndroidManifest.xml:31:27-98
activity#com.viewpagerindicator.sample.SampleCirclesInitialPage
ADDED from src\main\AndroidManifest.xml:34:9-41:20
	android:label
		ADDED from src\main\AndroidManifest.xml:36:13-49
	android:name
		ADDED from src\main\AndroidManifest.xml:35:13-53
activity#com.viewpagerindicator.sample.SampleCirclesSnap
ADDED from src\main\AndroidManifest.xml:42:9-49:20
	android:label
		ADDED from src\main\AndroidManifest.xml:44:13-41
	android:name
		ADDED from src\main\AndroidManifest.xml:43:13-46
activity#com.viewpagerindicator.sample.SampleCirclesStyledLayout
ADDED from src\main\AndroidManifest.xml:50:9-58:20
	android:label
		ADDED from src\main\AndroidManifest.xml:52:13-56
	android:theme
		ADDED from src\main\AndroidManifest.xml:53:13-55
	android:name
		ADDED from src\main\AndroidManifest.xml:51:13-54
activity#com.viewpagerindicator.sample.SampleCirclesStyledMethods
ADDED from src\main\AndroidManifest.xml:59:9-67:20
	android:label
		ADDED from src\main\AndroidManifest.xml:61:13-57
	android:theme
		ADDED from src\main\AndroidManifest.xml:62:13-55
	android:name
		ADDED from src\main\AndroidManifest.xml:60:13-55
activity#com.viewpagerindicator.sample.SampleCirclesStyledTheme
ADDED from src\main\AndroidManifest.xml:68:9-76:20
	android:label
		ADDED from src\main\AndroidManifest.xml:70:13-55
	android:theme
		ADDED from src\main\AndroidManifest.xml:71:13-52
	android:name
		ADDED from src\main\AndroidManifest.xml:69:13-53
activity#com.viewpagerindicator.sample.SampleCirclesWithListener
ADDED from src\main\AndroidManifest.xml:77:9-84:20
	android:label
		ADDED from src\main\AndroidManifest.xml:79:13-50
	android:name
		ADDED from src\main\AndroidManifest.xml:78:13-54
activity#com.viewpagerindicator.sample.SampleIconsDefault
ADDED from src\main\AndroidManifest.xml:89:9-96:20
	android:label
		ADDED from src\main\AndroidManifest.xml:91:13-42
	android:name
		ADDED from src\main\AndroidManifest.xml:90:13-47
activity#com.viewpagerindicator.sample.SampleLinesDefault
ADDED from src\main\AndroidManifest.xml:102:9-109:20
	android:label
		ADDED from src\main\AndroidManifest.xml:104:17-46
	android:name
		ADDED from src\main\AndroidManifest.xml:103:17-51
activity#com.viewpagerindicator.sample.SampleLinesStyledLayout
ADDED from src\main\AndroidManifest.xml:110:9-118:20
	android:label
		ADDED from src\main\AndroidManifest.xml:112:17-58
	android:theme
		ADDED from src\main\AndroidManifest.xml:113:17-59
	android:name
		ADDED from src\main\AndroidManifest.xml:111:17-56
activity#com.viewpagerindicator.sample.SampleLinesStyledMethods
ADDED from src\main\AndroidManifest.xml:119:9-127:20
	android:label
		ADDED from src\main\AndroidManifest.xml:121:17-59
	android:theme
		ADDED from src\main\AndroidManifest.xml:122:17-59
	android:name
		ADDED from src\main\AndroidManifest.xml:120:17-57
activity#com.viewpagerindicator.sample.SampleLinesStyledTheme
ADDED from src\main\AndroidManifest.xml:128:9-136:20
	android:label
		ADDED from src\main\AndroidManifest.xml:130:17-57
	android:theme
		ADDED from src\main\AndroidManifest.xml:131:17-56
	android:name
		ADDED from src\main\AndroidManifest.xml:129:17-55
activity#com.viewpagerindicator.sample.SampleTitlesBottom
ADDED from src\main\AndroidManifest.xml:141:9-148:20
	android:label
		ADDED from src\main\AndroidManifest.xml:143:13-52
	android:name
		ADDED from src\main\AndroidManifest.xml:142:13-47
activity#com.viewpagerindicator.sample.SampleTitlesCenterClickListener
ADDED from src\main\AndroidManifest.xml:149:9-156:20
	android:label
		ADDED from src\main\AndroidManifest.xml:151:13-57
	android:name
		ADDED from src\main\AndroidManifest.xml:150:13-60
activity#com.viewpagerindicator.sample.SampleTitlesDefault
ADDED from src\main\AndroidManifest.xml:157:9-164:20
	android:label
		ADDED from src\main\AndroidManifest.xml:159:13-43
	android:name
		ADDED from src\main\AndroidManifest.xml:158:13-48
activity#com.viewpagerindicator.sample.SampleTitlesInitialPage
ADDED from src\main\AndroidManifest.xml:165:9-172:20
	android:label
		ADDED from src\main\AndroidManifest.xml:167:13-48
	android:name
		ADDED from src\main\AndroidManifest.xml:166:13-52
activity#com.viewpagerindicator.sample.SampleTitlesStyledLayout
ADDED from src\main\AndroidManifest.xml:173:9-181:20
	android:label
		ADDED from src\main\AndroidManifest.xml:175:13-55
	android:theme
		ADDED from src\main\AndroidManifest.xml:176:13-55
	android:name
		ADDED from src\main\AndroidManifest.xml:174:13-53
activity#com.viewpagerindicator.sample.SampleTitlesStyledMethods
ADDED from src\main\AndroidManifest.xml:182:9-190:20
	android:label
		ADDED from src\main\AndroidManifest.xml:184:13-56
	android:theme
		ADDED from src\main\AndroidManifest.xml:185:13-55
	android:name
		ADDED from src\main\AndroidManifest.xml:183:13-54
activity#com.viewpagerindicator.sample.SampleTitlesStyledTheme
ADDED from src\main\AndroidManifest.xml:191:9-199:20
	android:label
		ADDED from src\main\AndroidManifest.xml:193:13-54
	android:theme
		ADDED from src\main\AndroidManifest.xml:194:13-52
	android:name
		ADDED from src\main\AndroidManifest.xml:192:13-52
activity#com.viewpagerindicator.sample.SampleTitlesTriangle
ADDED from src\main\AndroidManifest.xml:200:9-207:20
	android:label
		ADDED from src\main\AndroidManifest.xml:202:13-50
	android:name
		ADDED from src\main\AndroidManifest.xml:201:13-49
activity#com.viewpagerindicator.sample.SampleTitlesWithListener
ADDED from src\main\AndroidManifest.xml:208:9-215:20
	android:label
		ADDED from src\main\AndroidManifest.xml:210:13-49
	android:name
		ADDED from src\main\AndroidManifest.xml:209:13-53
activity#com.viewpagerindicator.sample.SampleTabsDefault
ADDED from src\main\AndroidManifest.xml:220:9-228:20
	android:label
		ADDED from src\main\AndroidManifest.xml:222:13-41
	android:theme
		ADDED from src\main\AndroidManifest.xml:223:13-63
	android:name
		ADDED from src\main\AndroidManifest.xml:221:13-46
activity#com.viewpagerindicator.sample.SampleTabsStyled
ADDED from src\main\AndroidManifest.xml:229:9-237:20
	android:label
		ADDED from src\main\AndroidManifest.xml:231:13-40
	android:theme
		ADDED from src\main\AndroidManifest.xml:232:13-52
	android:name
		ADDED from src\main\AndroidManifest.xml:230:13-45
activity#com.viewpagerindicator.sample.SampleTabsWithIcons
ADDED from src\main\AndroidManifest.xml:238:7-246:18
	android:label
		ADDED from src\main\AndroidManifest.xml:240:11-42
	android:theme
		ADDED from src\main\AndroidManifest.xml:241:11-50
	android:name
		ADDED from src\main\AndroidManifest.xml:239:11-46
activity#com.viewpagerindicator.sample.SampleUnderlinesDefault
ADDED from src\main\AndroidManifest.xml:251:9-258:20
	android:label
		ADDED from src\main\AndroidManifest.xml:253:17-51
	android:name
		ADDED from src\main\AndroidManifest.xml:252:17-56
activity#com.viewpagerindicator.sample.SampleUnderlinesNoFade
ADDED from src\main\AndroidManifest.xml:259:9-266:20
	android:label
		ADDED from src\main\AndroidManifest.xml:261:17-51
	android:name
		ADDED from src\main\AndroidManifest.xml:260:17-55
activity#com.viewpagerindicator.sample.SampleUnderlinesStyledLayout
ADDED from src\main\AndroidManifest.xml:267:9-275:20
	android:label
		ADDED from src\main\AndroidManifest.xml:269:17-63
	android:theme
		ADDED from src\main\AndroidManifest.xml:270:17-59
	android:name
		ADDED from src\main\AndroidManifest.xml:268:17-61
activity#com.viewpagerindicator.sample.SampleUnderlinesStyledMethods
ADDED from src\main\AndroidManifest.xml:276:9-284:20
	android:label
		ADDED from src\main\AndroidManifest.xml:278:17-64
	android:theme
		ADDED from src\main\AndroidManifest.xml:279:17-59
	android:name
		ADDED from src\main\AndroidManifest.xml:277:17-62
activity#com.viewpagerindicator.sample.SampleUnderlinesStyledTheme
ADDED from src\main\AndroidManifest.xml:285:9-293:20
	android:label
		ADDED from src\main\AndroidManifest.xml:287:17-62
	android:theme
		ADDED from src\main\AndroidManifest.xml:288:17-56
	android:name
		ADDED from src\main\AndroidManifest.xml:286:17-60